<?xml version="1.0" encoding="UTF-8"?>
<!-- Generated by org.testng.reporters.JUnitXMLReporter -->
<testsuite hostname="payalbhatt-PC" ignored="0" name=" Chrome Testing" tests="2" failures="1" timestamp="29 Dec 2018 00:24:52 GMT" time="44.33" errors="0">
  <testcase name="verifyTitleOfThePage" time="2.594" classname="day8.GuruProject">
    <failure type="java.lang.AssertionError" message="expected [Guru99 Bank Home Page1] but found [Guru99 Bank Home Page]">
      <![CDATA[java.lang.AssertionError: expected [Guru99 Bank Home Page1] but found [Guru99 Bank Home Page]
at day8.GuruProject.verifyTitleOfThePage(GuruProject.java:55)
at java.util.concurrent.FutureTask.run(Unknown Source)
at java.util.concurrent.ThreadPoolExecutor.runWorker(Unknown Source)
at java.util.concurrent.ThreadPoolExecutor$Worker.run(Unknown Source)
at java.lang.Thread.run(Unknown Source)
... Removed 22 stack frames]]>
    </failure>
  </testcase> <!-- verifyTitleOfThePage -->
  <testcase name="loginGuruWebsite" time="10.404" classname="day8.GuruProject"/>
</testsuite> <!--  Chrome Testing -->
