<?xml version="1.0" encoding="UTF-8"?>
<!-- Generated by org.testng.reporters.JUnitXMLReporter -->
<testsuite hostname="payalbhatt-PC" ignored="0" name="BasicTesting" tests="2" failures="1" timestamp="28 Dec 2018 23:59:15 GMT" time="27.844" errors="0">
  <testcase name="verifyTitleOfThePage" time="0.042" classname="day8.GuruProject">
    <failure type="java.lang.AssertionError" message="expected [Guru99 Bank Home Page1] but found [Guru99 Bank Home Page]">
      <![CDATA[java.lang.AssertionError: expected [Guru99 Bank Home Page1] but found [Guru99 Bank Home Page]
at day8.GuruProject.verifyTitleOfThePage(GuruProject.java:55)
... Removed 31 stack frames]]>
    </failure>
  </testcase> <!-- verifyTitleOfThePage -->
  <testcase name="loginGuruWebsite" time="3.298" classname="day8.GuruProject"/>
</testsuite> <!-- BasicTesting -->
