<?xml version="1.0" encoding="UTF-8"?>
<!-- Generated by org.testng.reporters.JUnitXMLReporter -->
<testsuite hostname="payalbhatt-PC" ignored="1" name="Basic Scenario Testing" tests="4" failures="1" timestamp="28 Dec 2018 21:16:33 GMT" time="16.841" errors="0">
  <testcase name="testcase2" time="0.021" classname="day8.BasicTesting"/>
  <testcase name="testcase1" time="0.0" classname="day8.BasicTesting"/>
  <testcase name="verifyTitleOfThePage" time="1.057" classname="day8.GuruProject">
    <failure type="java.lang.AssertionError" message="expected [Guru99 Bank Home Page1] but found [Guru99 Bank Home Page]">
      <![CDATA[java.lang.AssertionError: expected [Guru99 Bank Home Page1] but found [Guru99 Bank Home Page]
at day8.GuruProject.verifyTitleOfThePage(GuruProject.java:27)
... Removed 31 stack frames]]>
    </failure>
  </testcase> <!-- verifyTitleOfThePage -->
  <testcase name="testcase3" time="0.004" classname="day8.BasicTesting"/>
  <testcase name="loginGuruWebsite" time="0.0" classname="day8.GuruProject">
    <ignored/>
  </testcase> <!-- loginGuruWebsite -->
</testsuite> <!-- Basic Scenario Testing -->
